00:26:23 GMILSTER> start clear_mail.sql
00:26:37 GMILSTER> -- This script clears all the tables in the mail-order database
00:26:37 GMILSTER> -- but does not delete the tables themselves
00:26:37 GMILSTER> -- Fall 2008, M. Liu
00:26:37 GMILSTER> delete from odetails;

11 rows deleted.

00:26:37 GMILSTER> delete from orders;

6 rows deleted.

00:26:37 GMILSTER> delete from parts;

8 rows deleted.

00:26:37 GMILSTER> delete from employees;

3 rows deleted.

00:26:37 GMILSTER> delete from customers;

3 rows deleted.

00:26:37 GMILSTER> delete from zipcodes;

7 rows deleted.

00:26:37 GMILSTER> COMMIT;

Commit complete.

00:26:37 GMILSTER> -----------------------------------------------------------------
00:26:37 GMILSTER> start iner
SP2-0310: unable to open file "iner.sql"
00:26:45 GMILSTER> ster
SP2-0042: unknown command "ster" - rest of line ignored.
00:26:46 GMILSTER> start inser_
SP2-0310: unable to open file "inser_.sql"
00:26:49 GMILSTER> @insert_mail
00:26:52 GMILSTER> ---------------------------------------------------------------
00:26:52 GMILSTER> -- Mail Order Database: Insert Rows
00:26:52 GMILSTER> -- Chapter 2; Oracle Programming -- A Primer
00:26:52 GMILSTER> --		 by R. Sunderraman
00:26:52 GMILSTER> -- modified by M. Liu,  Spring 2005
00:26:52 GMILSTER> -- Warning: The database instance generated is slightly different
00:26:52 GMILSTER> --	from that shown in the Sunderraman book.
00:26:52 GMILSTER> ---------------------------------------------------------------
00:26:52 GMILSTER> insert into	zipcodes values
00:26:52   2  	(67226,'Wichita');

1 row created.

00:26:52 GMILSTER> insert into	zipcodes values
00:26:52   2  	(60606,'Fort Dodge');

1 row created.

00:26:52 GMILSTER> insert into	zipcodes values
00:26:52   2  	(50302,'Kansas City');

1 row created.

00:26:52 GMILSTER> insert into	zipcodes values
00:26:52   2  	(54444,'Columbia');

1 row created.

00:26:52 GMILSTER> insert into	zipcodes values
00:26:52   2  	(66002,'Liberal');

1 row created.

00:26:52 GMILSTER> insert into	zipcodes values
00:26:52   2  	(61111,'Fort Hays');

1 row created.

00:26:52 GMILSTER> 
00:26:52 GMILSTER> insert into employees values
00:26:52   2  	(1000,'Jones',67226,'12-DEC-95');

1 row created.

00:26:52 GMILSTER> insert into employees values
00:26:52   2  	(1001,'Smith',60606,'01-JAN-92');

1 row created.

00:26:52 GMILSTER> insert into employees values
00:26:52   2  	(1002,'Brown',50302,'01-SEP-94');

1 row created.

00:26:52 GMILSTER> 
00:26:52 GMILSTER> insert into parts values
00:26:52   2  	(10506,'Land Before Time I',200,19.99,20);

1 row created.

00:26:52 GMILSTER> insert into parts values
00:26:52   2  	(10507,'Land Before Time II',156,19.99,20);

1 row created.

00:26:52 GMILSTER> insert into parts values
00:26:52   2  	(10508,'Land Before Time III',190,19.99,20);

1 row created.

00:26:52 GMILSTER> insert into parts values
00:26:52   2  	(10509,'Land Before Time IV',60,19.99,20);

1 row created.

00:26:52 GMILSTER> insert into parts values
00:26:52   2  	(10601,'Sleeping Beauty',300,24.99,20);

1 row created.

00:26:52 GMILSTER> insert into parts values
00:26:52   2  	(10701,'When Harry Met Sally',120,19.99,30);

1 row created.

00:26:52 GMILSTER> insert into parts values
00:26:52   2  	(10800,'Dirty Harry',140,14.99,30);

1 row created.

00:26:52 GMILSTER> insert into parts values
00:26:52   2  	(10900,'Dr. Zhivago',100,24.99,30);

1 row created.

00:26:52 GMILSTER> 
00:26:52 GMILSTER> insert into customers values
00:26:52   2  	(1111,'Charles','123 Main St.',67226,'316-636-5555');

1 row created.

00:26:52 GMILSTER> insert into customers values
00:26:52   2  	(2222,'Bertram','237 Ash Avenue',67226,'316-689-5555');

1 row created.

00:26:52 GMILSTER> insert into customers values
00:26:52   2  	(3333,'Barbara','111 Inwood St.',60606,'316-111-1234');

1 row created.

00:26:52 GMILSTER> 
00:26:52 GMILSTER> insert into orders values
00:26:52   2  	(1020,1111,1000,'10-DEC-94','12-DEC-94');

1 row created.

00:26:52 GMILSTER> insert into orders values
00:26:52   2  	(1021,1111,1000,'12-JAN-95','15-JAN-95');

1 row created.

00:26:52 GMILSTER> insert into orders values
00:26:52   2  	(1022,2222,1001,'13-FEB-95','20-FEB-95');

1 row created.

00:26:52 GMILSTER> insert into orders values
00:26:52   2  	(1023,3333,1000,'20-JUN-97',null);

1 row created.

00:26:52 GMILSTER> ----------  added by M. Liu -----------
00:26:52 GMILSTER> insert into orders values
00:26:52   2  	(1024,1111,1000,'18-OCT-02','20-OCT-02');

1 row created.

00:26:52 GMILSTER> insert into orders values
00:26:52   2  	(1025,3333,1001,'20-JUN-97',null);

1 row created.

00:26:52 GMILSTER> ---------------------------------------
00:26:52 GMILSTER> insert into odetails values
00:26:52   2  	(1020,10506,1);

1 row created.

00:26:52 GMILSTER> insert into odetails values
00:26:52   2  	(1020,10507,1);

1 row created.

00:26:52 GMILSTER> insert into odetails values
00:26:52   2  	(1020,10508,2);

1 row created.

00:26:52 GMILSTER> insert into odetails values
00:26:52   2  	(1020,10509,3);

1 row created.

00:26:52 GMILSTER> insert into odetails values
00:26:52   2  	(1021,10601,4);

1 row created.

00:26:52 GMILSTER> insert into odetails values
00:26:52   2  	(1022,10601,1);

1 row created.

00:26:52 GMILSTER> insert into odetails values
00:26:52   2  	(1022,10701,1);

1 row created.

00:26:52 GMILSTER> insert into odetails values
00:26:52   2  	(1023,10800,1);

1 row created.

00:26:52 GMILSTER> insert into odetails values
00:26:52   2  	(1023,10900,1);

1 row created.

00:26:52 GMILSTER> ----------  added by M. Liu -----------
00:26:52 GMILSTER> insert into odetails values
00:26:52   2  	(1024,10900,1);

1 row created.

00:26:52 GMILSTER> insert into odetails values
00:26:52   2  	(1025,10601,4);

1 row created.

00:26:52 GMILSTER> ---------------------------------------
00:26:52 GMILSTER> COMMIT;

Commit complete.

00:26:52 GMILSTER> exit
