(0000) 3300  0011001100000000 (   1)                 .ORIG x3300
(3300) 000A  0000000000001010 (   3) QQ1             .FILL x000A
(3301) 0057  0000000001010111 (   3)                 .FILL x0057
(3302) 0068  0000000001101000 (   3)                 .FILL x0068
(3303) 0061  0000000001100001 (   3)                 .FILL x0061
(3304) 0074  0000000001110100 (   3)                 .FILL x0074
(3305) 0020  0000000000100000 (   3)                 .FILL x0020
(3306) 0069  0000000001101001 (   3)                 .FILL x0069
(3307) 0073  0000000001110011 (   3)                 .FILL x0073
(3308) 0020  0000000000100000 (   3)                 .FILL x0020
(3309) 0079  0000000001111001 (   3)                 .FILL x0079
(330A) 006F  0000000001101111 (   3)                 .FILL x006F
(330B) 0075  0000000001110101 (   3)                 .FILL x0075
(330C) 0072  0000000001110010 (   3)                 .FILL x0072
(330D) 0020  0000000000100000 (   3)                 .FILL x0020
(330E) 0066  0000000001100110 (   3)                 .FILL x0066
(330F) 0061  0000000001100001 (   3)                 .FILL x0061
(3310) 0076  0000000001110110 (   3)                 .FILL x0076
(3311) 006F  0000000001101111 (   3)                 .FILL x006F
(3312) 0072  0000000001110010 (   3)                 .FILL x0072
(3313) 0069  0000000001101001 (   3)                 .FILL x0069
(3314) 0074  0000000001110100 (   3)                 .FILL x0074
(3315) 0065  0000000001100101 (   3)                 .FILL x0065
(3316) 0020  0000000000100000 (   3)                 .FILL x0020
(3317) 0066  0000000001100110 (   3)                 .FILL x0066
(3318) 006F  0000000001101111 (   3)                 .FILL x006F
(3319) 006F  0000000001101111 (   3)                 .FILL x006F
(331A) 0074  0000000001110100 (   3)                 .FILL x0074
(331B) 0062  0000000001100010 (   3)                 .FILL x0062
(331C) 0061  0000000001100001 (   3)                 .FILL x0061
(331D) 006C  0000000001101100 (   3)                 .FILL x006C
(331E) 006C  0000000001101100 (   3)                 .FILL x006C
(331F) 0020  0000000000100000 (   3)                 .FILL x0020
(3320) 0074  0000000001110100 (   3)                 .FILL x0074
(3321) 0065  0000000001100101 (   3)                 .FILL x0065
(3322) 0061  0000000001100001 (   3)                 .FILL x0061
(3323) 006D  0000000001101101 (   3)                 .FILL x006D
(3324) 003F  0000000000111111 (   3)                 .FILL x003F
(3325) 000A  0000000000001010 (   3)                 .FILL x000A
(3326) 0020  0000000000100000 (   3)                 .FILL x0020
(3327) 0020  0000000000100000 (   3)                 .FILL x0020
(3328) 0020  0000000000100000 (   3)                 .FILL x0020
(3329) 0030  0000000000110000 (   3)                 .FILL x0030
(332A) 0020  0000000000100000 (   3)                 .FILL x0020
(332B) 002D  0000000000101101 (   3)                 .FILL x002D
(332C) 0020  0000000000100000 (   3)                 .FILL x0020
(332D) 0050  0000000001010000 (   3)                 .FILL x0050
(332E) 0061  0000000001100001 (   3)                 .FILL x0061
(332F) 0074  0000000001110100 (   3)                 .FILL x0074
(3330) 0072  0000000001110010 (   3)                 .FILL x0072
(3331) 0069  0000000001101001 (   3)                 .FILL x0069
(3332) 006F  0000000001101111 (   3)                 .FILL x006F
(3333) 0074  0000000001110100 (   3)                 .FILL x0074
(3334) 0073  0000000001110011 (   3)                 .FILL x0073
(3335) 000A  0000000000001010 (   3)                 .FILL x000A
(3336) 0020  0000000000100000 (   3)                 .FILL x0020
(3337) 0020  0000000000100000 (   3)                 .FILL x0020
(3338) 0020  0000000000100000 (   3)                 .FILL x0020
(3339) 0031  0000000000110001 (   3)                 .FILL x0031
(333A) 0020  0000000000100000 (   3)                 .FILL x0020
(333B) 002D  0000000000101101 (   3)                 .FILL x002D
(333C) 0020  0000000000100000 (   3)                 .FILL x0020
(333D) 0052  0000000001010010 (   3)                 .FILL x0052
(333E) 0061  0000000001100001 (   3)                 .FILL x0061
(333F) 0069  0000000001101001 (   3)                 .FILL x0069
(3340) 0064  0000000001100100 (   3)                 .FILL x0064
(3341) 0065  0000000001100101 (   3)                 .FILL x0065
(3342) 0072  0000000001110010 (   3)                 .FILL x0072
(3343) 0073  0000000001110011 (   3)                 .FILL x0073
(3344) 000A  0000000000001010 (   3)                 .FILL x000A
(3345) 0020  0000000000100000 (   3)                 .FILL x0020
(3346) 0020  0000000000100000 (   3)                 .FILL x0020
(3347) 0020  0000000000100000 (   3)                 .FILL x0020
(3348) 0032  0000000000110010 (   3)                 .FILL x0032
(3349) 0020  0000000000100000 (   3)                 .FILL x0020
(334A) 002D  0000000000101101 (   3)                 .FILL x002D
(334B) 0020  0000000000100000 (   3)                 .FILL x0020
(334C) 0043  0000000001000011 (   3)                 .FILL x0043
(334D) 0068  0000000001101000 (   3)                 .FILL x0068
(334E) 0061  0000000001100001 (   3)                 .FILL x0061
(334F) 0072  0000000001110010 (   3)                 .FILL x0072
(3350) 0067  0000000001100111 (   3)                 .FILL x0067
(3351) 0065  0000000001100101 (   3)                 .FILL x0065
(3352) 0072  0000000001110010 (   3)                 .FILL x0072
(3353) 0073  0000000001110011 (   3)                 .FILL x0073
(3354) 000A  0000000000001010 (   3)                 .FILL x000A
(3355) 0020  0000000000100000 (   3)                 .FILL x0020
(3356) 0020  0000000000100000 (   3)                 .FILL x0020
(3357) 0020  0000000000100000 (   3)                 .FILL x0020
(3358) 0033  0000000000110011 (   3)                 .FILL x0033
(3359) 0020  0000000000100000 (   3)                 .FILL x0020
(335A) 002D  0000000000101101 (   3)                 .FILL x002D
(335B) 0020  0000000000100000 (   3)                 .FILL x0020
(335C) 0053  0000000001010011 (   3)                 .FILL x0053
(335D) 0061  0000000001100001 (   3)                 .FILL x0061
(335E) 0069  0000000001101001 (   3)                 .FILL x0069
(335F) 006E  0000000001101110 (   3)                 .FILL x006E
(3360) 0074  0000000001110100 (   3)                 .FILL x0074
(3361) 0073  0000000001110011 (   3)                 .FILL x0073
(3362) 000A  0000000000001010 (   3)                 .FILL x000A
(3363) 0000  0000000000000000 (   3)                 .FILL x0000
(3364) 0004  0000000000000100 (   4) Val_A1_1        .FILL x0004
(3365) 0001  0000000000000001 (   5) Val_A1_2        .FILL x0001
(3366) 0003  0000000000000011 (   6) Val_A1_3        .FILL x0003
(3367) 0002  0000000000000010 (   7) Val_A1_4        .FILL x0002
(3368) 000A  0000000000001010 (   9) QQ2             .FILL x000A
(3369) 0057  0000000001010111 (   9)                 .FILL x0057
(336A) 0068  0000000001101000 (   9)                 .FILL x0068
(336B) 0061  0000000001100001 (   9)                 .FILL x0061
(336C) 0074  0000000001110100 (   9)                 .FILL x0074
(336D) 0020  0000000000100000 (   9)                 .FILL x0020
(336E) 0069  0000000001101001 (   9)                 .FILL x0069
(336F) 0073  0000000001110011 (   9)                 .FILL x0073
(3370) 0020  0000000000100000 (   9)                 .FILL x0020
(3371) 0079  0000000001111001 (   9)                 .FILL x0079
(3372) 006F  0000000001101111 (   9)                 .FILL x006F
(3373) 0075  0000000001110101 (   9)                 .FILL x0075
(3374) 0072  0000000001110010 (   9)                 .FILL x0072
(3375) 0020  0000000000100000 (   9)                 .FILL x0020
(3376) 0066  0000000001100110 (   9)                 .FILL x0066
(3377) 0061  0000000001100001 (   9)                 .FILL x0061
(3378) 0076  0000000001110110 (   9)                 .FILL x0076
(3379) 006F  0000000001101111 (   9)                 .FILL x006F
(337A) 0072  0000000001110010 (   9)                 .FILL x0072
(337B) 0069  0000000001101001 (   9)                 .FILL x0069
(337C) 0074  0000000001110100 (   9)                 .FILL x0074
(337D) 0065  0000000001100101 (   9)                 .FILL x0065
(337E) 0020  0000000000100000 (   9)                 .FILL x0020
(337F) 0062  0000000001100010 (   9)                 .FILL x0062
(3380) 0061  0000000001100001 (   9)                 .FILL x0061
(3381) 0073  0000000001110011 (   9)                 .FILL x0073
(3382) 0065  0000000001100101 (   9)                 .FILL x0065
(3383) 0062  0000000001100010 (   9)                 .FILL x0062
(3384) 0061  0000000001100001 (   9)                 .FILL x0061
(3385) 006C  0000000001101100 (   9)                 .FILL x006C
(3386) 006C  0000000001101100 (   9)                 .FILL x006C
(3387) 0020  0000000000100000 (   9)                 .FILL x0020
(3388) 0074  0000000001110100 (   9)                 .FILL x0074
(3389) 0065  0000000001100101 (   9)                 .FILL x0065
(338A) 0061  0000000001100001 (   9)                 .FILL x0061
(338B) 006D  0000000001101101 (   9)                 .FILL x006D
(338C) 003F  0000000000111111 (   9)                 .FILL x003F
(338D) 000A  0000000000001010 (   9)                 .FILL x000A
(338E) 0020  0000000000100000 (   9)                 .FILL x0020
(338F) 0020  0000000000100000 (   9)                 .FILL x0020
(3390) 0020  0000000000100000 (   9)                 .FILL x0020
(3391) 0030  0000000000110000 (   9)                 .FILL x0030
(3392) 0020  0000000000100000 (   9)                 .FILL x0020
(3393) 002D  0000000000101101 (   9)                 .FILL x002D
(3394) 0020  0000000000100000 (   9)                 .FILL x0020
(3395) 0041  0000000001000001 (   9)                 .FILL x0041
(3396) 006E  0000000001101110 (   9)                 .FILL x006E
(3397) 0067  0000000001100111 (   9)                 .FILL x0067
(3398) 0065  0000000001100101 (   9)                 .FILL x0065
(3399) 006C  0000000001101100 (   9)                 .FILL x006C
(339A) 0073  0000000001110011 (   9)                 .FILL x0073
(339B) 000A  0000000000001010 (   9)                 .FILL x000A
(339C) 0020  0000000000100000 (   9)                 .FILL x0020
(339D) 0020  0000000000100000 (   9)                 .FILL x0020
(339E) 0020  0000000000100000 (   9)                 .FILL x0020
(339F) 0031  0000000000110001 (   9)                 .FILL x0031
(33A0) 0020  0000000000100000 (   9)                 .FILL x0020
(33A1) 002D  0000000000101101 (   9)                 .FILL x002D
(33A2) 0020  0000000000100000 (   9)                 .FILL x0020
(33A3) 0059  0000000001011001 (   9)                 .FILL x0059
(33A4) 0061  0000000001100001 (   9)                 .FILL x0061
(33A5) 006E  0000000001101110 (   9)                 .FILL x006E
(33A6) 006B  0000000001101011 (   9)                 .FILL x006B
(33A7) 0065  0000000001100101 (   9)                 .FILL x0065
(33A8) 0065  0000000001100101 (   9)                 .FILL x0065
(33A9) 0073  0000000001110011 (   9)                 .FILL x0073
(33AA) 000A  0000000000001010 (   9)                 .FILL x000A
(33AB) 0020  0000000000100000 (   9)                 .FILL x0020
(33AC) 0020  0000000000100000 (   9)                 .FILL x0020
(33AD) 0020  0000000000100000 (   9)                 .FILL x0020
(33AE) 0032  0000000000110010 (   9)                 .FILL x0032
(33AF) 0020  0000000000100000 (   9)                 .FILL x0020
(33B0) 002D  0000000000101101 (   9)                 .FILL x002D
(33B1) 0020  0000000000100000 (   9)                 .FILL x0020
(33B2) 0052  0000000001010010 (   9)                 .FILL x0052
(33B3) 0065  0000000001100101 (   9)                 .FILL x0065
(33B4) 0064  0000000001100100 (   9)                 .FILL x0064
(33B5) 0020  0000000000100000 (   9)                 .FILL x0020
(33B6) 0053  0000000001010011 (   9)                 .FILL x0053
(33B7) 006F  0000000001101111 (   9)                 .FILL x006F
(33B8) 0078  0000000001111000 (   9)                 .FILL x0078
(33B9) 000A  0000000000001010 (   9)                 .FILL x000A
(33BA) 0020  0000000000100000 (   9)                 .FILL x0020
(33BB) 0020  0000000000100000 (   9)                 .FILL x0020
(33BC) 0020  0000000000100000 (   9)                 .FILL x0020
(33BD) 0033  0000000000110011 (   9)                 .FILL x0033
(33BE) 0020  0000000000100000 (   9)                 .FILL x0020
(33BF) 002D  0000000000101101 (   9)                 .FILL x002D
(33C0) 0020  0000000000100000 (   9)                 .FILL x0020
(33C1) 0047  0000000001000111 (   9)                 .FILL x0047
(33C2) 0069  0000000001101001 (   9)                 .FILL x0069
(33C3) 0061  0000000001100001 (   9)                 .FILL x0061
(33C4) 006E  0000000001101110 (   9)                 .FILL x006E
(33C5) 0074  0000000001110100 (   9)                 .FILL x0074
(33C6) 0073  0000000001110011 (   9)                 .FILL x0073
(33C7) 000A  0000000000001010 (   9)                 .FILL x000A
(33C8) 0000  0000000000000000 (   9)                 .FILL x0000
(33C9) 0001  0000000000000001 (  10) Val_A2_1        .FILL x0001
(33CA) 0002  0000000000000010 (  11) Val_A2_2        .FILL x0002
(33CB) 0003  0000000000000011 (  12) Val_A2_3        .FILL x0003
(33CC) 0004  0000000000000100 (  13) Val_A2_4        .FILL x0004
(33CD) 000A  0000000000001010 (  15) QQ3             .FILL x000A
(33CE) 0057  0000000001010111 (  15)                 .FILL x0057
(33CF) 0068  0000000001101000 (  15)                 .FILL x0068
(33D0) 0061  0000000001100001 (  15)                 .FILL x0061
(33D1) 0074  0000000001110100 (  15)                 .FILL x0074
(33D2) 0020  0000000000100000 (  15)                 .FILL x0020
(33D3) 0069  0000000001101001 (  15)                 .FILL x0069
(33D4) 0073  0000000001110011 (  15)                 .FILL x0073
(33D5) 0020  0000000000100000 (  15)                 .FILL x0020
(33D6) 0079  0000000001111001 (  15)                 .FILL x0079
(33D7) 006F  0000000001101111 (  15)                 .FILL x006F
(33D8) 0075  0000000001110101 (  15)                 .FILL x0075
(33D9) 0072  0000000001110010 (  15)                 .FILL x0072
(33DA) 0020  0000000000100000 (  15)                 .FILL x0020
(33DB) 0066  0000000001100110 (  15)                 .FILL x0066
(33DC) 0061  0000000001100001 (  15)                 .FILL x0061
(33DD) 0076  0000000001110110 (  15)                 .FILL x0076
(33DE) 006F  0000000001101111 (  15)                 .FILL x006F
(33DF) 0072  0000000001110010 (  15)                 .FILL x0072
(33E0) 0069  0000000001101001 (  15)                 .FILL x0069
(33E1) 0074  0000000001110100 (  15)                 .FILL x0074
(33E2) 0065  0000000001100101 (  15)                 .FILL x0065
(33E3) 0020  0000000000100000 (  15)                 .FILL x0020
(33E4) 0062  0000000001100010 (  15)                 .FILL x0062
(33E5) 0061  0000000001100001 (  15)                 .FILL x0061
(33E6) 0073  0000000001110011 (  15)                 .FILL x0073
(33E7) 006B  0000000001101011 (  15)                 .FILL x006B
(33E8) 0065  0000000001100101 (  15)                 .FILL x0065
(33E9) 0074  0000000001110100 (  15)                 .FILL x0074
(33EA) 0062  0000000001100010 (  15)                 .FILL x0062
(33EB) 0061  0000000001100001 (  15)                 .FILL x0061
(33EC) 006C  0000000001101100 (  15)                 .FILL x006C
(33ED) 006C  0000000001101100 (  15)                 .FILL x006C
(33EE) 0020  0000000000100000 (  15)                 .FILL x0020
(33EF) 0074  0000000001110100 (  15)                 .FILL x0074
(33F0) 0065  0000000001100101 (  15)                 .FILL x0065
(33F1) 0061  0000000001100001 (  15)                 .FILL x0061
(33F2) 006D  0000000001101101 (  15)                 .FILL x006D
(33F3) 003F  0000000000111111 (  15)                 .FILL x003F
(33F4) 000A  0000000000001010 (  15)                 .FILL x000A
(33F5) 0020  0000000000100000 (  15)                 .FILL x0020
(33F6) 0020  0000000000100000 (  15)                 .FILL x0020
(33F7) 0020  0000000000100000 (  15)                 .FILL x0020
(33F8) 0030  0000000000110000 (  15)                 .FILL x0030
(33F9) 0020  0000000000100000 (  15)                 .FILL x0020
(33FA) 002D  0000000000101101 (  15)                 .FILL x002D
(33FB) 0020  0000000000100000 (  15)                 .FILL x0020
(33FC) 004C  0000000001001100 (  15)                 .FILL x004C
(33FD) 0061  0000000001100001 (  15)                 .FILL x0061
(33FE) 006B  0000000001101011 (  15)                 .FILL x006B
(33FF) 0065  0000000001100101 (  15)                 .FILL x0065
(3400) 0072  0000000001110010 (  15)                 .FILL x0072
(3401) 0073  0000000001110011 (  15)                 .FILL x0073
(3402) 000A  0000000000001010 (  15)                 .FILL x000A
(3403) 0020  0000000000100000 (  15)                 .FILL x0020
(3404) 0020  0000000000100000 (  15)                 .FILL x0020
(3405) 0020  0000000000100000 (  15)                 .FILL x0020
(3406) 0031  0000000000110001 (  15)                 .FILL x0031
(3407) 0020  0000000000100000 (  15)                 .FILL x0020
(3408) 002D  0000000000101101 (  15)                 .FILL x002D
(3409) 0020  0000000000100000 (  15)                 .FILL x0020
(340A) 0043  0000000001000011 (  15)                 .FILL x0043
(340B) 0065  0000000001100101 (  15)                 .FILL x0065
(340C) 006C  0000000001101100 (  15)                 .FILL x006C
(340D) 0074  0000000001110100 (  15)                 .FILL x0074
(340E) 0069  0000000001101001 (  15)                 .FILL x0069
(340F) 0063  0000000001100011 (  15)                 .FILL x0063
(3410) 0073  0000000001110011 (  15)                 .FILL x0073
(3411) 000A  0000000000001010 (  15)                 .FILL x000A
(3412) 0020  0000000000100000 (  15)                 .FILL x0020
(3413) 0020  0000000000100000 (  15)                 .FILL x0020
(3414) 0020  0000000000100000 (  15)                 .FILL x0020
(3415) 0032  0000000000110010 (  15)                 .FILL x0032
(3416) 0020  0000000000100000 (  15)                 .FILL x0020
(3417) 002D  0000000000101101 (  15)                 .FILL x002D
(3418) 0020  0000000000100000 (  15)                 .FILL x0020
(3419) 0054  0000000001010100 (  15)                 .FILL x0054
(341A) 0069  0000000001101001 (  15)                 .FILL x0069
(341B) 006D  0000000001101101 (  15)                 .FILL x006D
(341C) 0062  0000000001100010 (  15)                 .FILL x0062
(341D) 0065  0000000001100101 (  15)                 .FILL x0065
(341E) 0072  0000000001110010 (  15)                 .FILL x0072
(341F) 0077  0000000001110111 (  15)                 .FILL x0077
(3420) 006F  0000000001101111 (  15)                 .FILL x006F
(3421) 006C  0000000001101100 (  15)                 .FILL x006C
(3422) 0076  0000000001110110 (  15)                 .FILL x0076
(3423) 0065  0000000001100101 (  15)                 .FILL x0065
(3424) 0073  0000000001110011 (  15)                 .FILL x0073
(3425) 000A  0000000000001010 (  15)                 .FILL x000A
(3426) 0020  0000000000100000 (  15)                 .FILL x0020
(3427) 0020  0000000000100000 (  15)                 .FILL x0020
(3428) 0020  0000000000100000 (  15)                 .FILL x0020
(3429) 0033  0000000000110011 (  15)                 .FILL x0033
(342A) 0020  0000000000100000 (  15)                 .FILL x0020
(342B) 002D  0000000000101101 (  15)                 .FILL x002D
(342C) 0020  0000000000100000 (  15)                 .FILL x0020
(342D) 0054  0000000001010100 (  15)                 .FILL x0054
(342E) 0068  0000000001101000 (  15)                 .FILL x0068
(342F) 0075  0000000001110101 (  15)                 .FILL x0075
(3430) 006E  0000000001101110 (  15)                 .FILL x006E
(3431) 0064  0000000001100100 (  15)                 .FILL x0064
(3432) 0065  0000000001100101 (  15)                 .FILL x0065
(3433) 0072  0000000001110010 (  15)                 .FILL x0072
(3434) 000A  0000000000001010 (  15)                 .FILL x000A
(3435) 0000  0000000000000000 (  15)                 .FILL x0000
(3436) 0001  0000000000000001 (  16) Val_A3_1        .FILL x0001
(3437) 0002  0000000000000010 (  17) Val_A3_2        .FILL x0002
(3438) 0003  0000000000000011 (  18) Val_A3_3        .FILL x0003
(3439) 0004  0000000000000100 (  19) Val_A3_4        .FILL x0004
(343A) 000A  0000000000001010 (  21) Result1         .FILL x000A
(343B) 0059  0000000001011001 (  21)                 .FILL x0059
(343C) 006F  0000000001101111 (  21)                 .FILL x006F
(343D) 0075  0000000001110101 (  21)                 .FILL x0075
(343E) 0020  0000000000100000 (  21)                 .FILL x0020
(343F) 0066  0000000001100110 (  21)                 .FILL x0066
(3440) 0061  0000000001100001 (  21)                 .FILL x0061
(3441) 0069  0000000001101001 (  21)                 .FILL x0069
(3442) 006C  0000000001101100 (  21)                 .FILL x006C
(3443) 0020  0000000000100000 (  21)                 .FILL x0020
(3444) 0061  0000000001100001 (  21)                 .FILL x0061
(3445) 0074  0000000001110100 (  21)                 .FILL x0074
(3446) 0020  0000000000100000 (  21)                 .FILL x0020
(3447) 006C  0000000001101100 (  21)                 .FILL x006C
(3448) 0069  0000000001101001 (  21)                 .FILL x0069
(3449) 0066  0000000001100110 (  21)                 .FILL x0066
(344A) 0065  0000000001100101 (  21)                 .FILL x0065
(344B) 002C  0000000000101100 (  21)                 .FILL x002C
(344C) 0020  0000000000100000 (  21)                 .FILL x0020
(344D) 0073  0000000001110011 (  21)                 .FILL x0073
(344E) 0069  0000000001101001 (  21)                 .FILL x0069
(344F) 0072  0000000001110010 (  21)                 .FILL x0072
(3450) 0000  0000000000000000 (  21)                 .FILL x0000
(3451) 000A  0000000000001010 (  22) Result2         .FILL x000A
(3452) 0059  0000000001011001 (  22)                 .FILL x0059
(3453) 006F  0000000001101111 (  22)                 .FILL x006F
(3454) 0075  0000000001110101 (  22)                 .FILL x0075
(3455) 0020  0000000000100000 (  22)                 .FILL x0020
(3456) 0061  0000000001100001 (  22)                 .FILL x0061
(3457) 0072  0000000001110010 (  22)                 .FILL x0072
(3458) 0065  0000000001100101 (  22)                 .FILL x0065
(3459) 0020  0000000000100000 (  22)                 .FILL x0020
(345A) 0061  0000000001100001 (  22)                 .FILL x0061
(345B) 006C  0000000001101100 (  22)                 .FILL x006C
(345C) 0072  0000000001110010 (  22)                 .FILL x0072
(345D) 0069  0000000001101001 (  22)                 .FILL x0069
(345E) 0067  0000000001100111 (  22)                 .FILL x0067
(345F) 0068  0000000001101000 (  22)                 .FILL x0068
(3460) 0074  0000000001110100 (  22)                 .FILL x0074
(3461) 0020  0000000000100000 (  22)                 .FILL x0020
(3462) 0061  0000000001100001 (  22)                 .FILL x0061
(3463) 0074  0000000001110100 (  22)                 .FILL x0074
(3464) 0020  0000000000100000 (  22)                 .FILL x0020
(3465) 006C  0000000001101100 (  22)                 .FILL x006C
(3466) 0069  0000000001101001 (  22)                 .FILL x0069
(3467) 0066  0000000001100110 (  22)                 .FILL x0066
(3468) 0065  0000000001100101 (  22)                 .FILL x0065
(3469) 002C  0000000000101100 (  22)                 .FILL x002C
(346A) 0020  0000000000100000 (  22)                 .FILL x0020
(346B) 0073  0000000001110011 (  22)                 .FILL x0073
(346C) 0069  0000000001101001 (  22)                 .FILL x0069
(346D) 0072  0000000001110010 (  22)                 .FILL x0072
(346E) 0000  0000000000000000 (  22)                 .FILL x0000
(346F) 000A  0000000000001010 (  23) Result3         .FILL x000A
(3470) 0059  0000000001011001 (  23)                 .FILL x0059
(3471) 006F  0000000001101111 (  23)                 .FILL x006F
(3472) 0075  0000000001110101 (  23)                 .FILL x0075
(3473) 0020  0000000000100000 (  23)                 .FILL x0020
(3474) 0061  0000000001100001 (  23)                 .FILL x0061
(3475) 0072  0000000001110010 (  23)                 .FILL x0072
(3476) 0065  0000000001100101 (  23)                 .FILL x0065
(3477) 0020  0000000000100000 (  23)                 .FILL x0020
(3478) 006E  0000000001101110 (  23)                 .FILL x006E
(3479) 006F  0000000001101111 (  23)                 .FILL x006F
(347A) 0074  0000000001110100 (  23)                 .FILL x0074
(347B) 0020  0000000000100000 (  23)                 .FILL x0020
(347C) 0074  0000000001110100 (  23)                 .FILL x0074
(347D) 006F  0000000001101111 (  23)                 .FILL x006F
(347E) 0020  0000000000100000 (  23)                 .FILL x0020
(347F) 0073  0000000001110011 (  23)                 .FILL x0073
(3480) 0068  0000000001101000 (  23)                 .FILL x0068
(3481) 0061  0000000001100001 (  23)                 .FILL x0061
(3482) 0062  0000000001100010 (  23)                 .FILL x0062
(3483) 0062  0000000001100010 (  23)                 .FILL x0062
(3484) 0079  0000000001111001 (  23)                 .FILL x0079
(3485) 0020  0000000000100000 (  23)                 .FILL x0020
(3486) 0061  0000000001100001 (  23)                 .FILL x0061
(3487) 0074  0000000001110100 (  23)                 .FILL x0074
(3488) 0020  0000000000100000 (  23)                 .FILL x0020
(3489) 006C  0000000001101100 (  23)                 .FILL x006C
(348A) 0069  0000000001101001 (  23)                 .FILL x0069
(348B) 0066  0000000001100110 (  23)                 .FILL x0066
(348C) 0065  0000000001100101 (  23)                 .FILL x0065
(348D) 002C  0000000000101100 (  23)                 .FILL x002C
(348E) 0020  0000000000100000 (  23)                 .FILL x0020
(348F) 0073  0000000001110011 (  23)                 .FILL x0073
(3490) 0069  0000000001101001 (  23)                 .FILL x0069
(3491) 0072  0000000001110010 (  23)                 .FILL x0072
(3492) 002E  0000000000101110 (  23)                 .FILL x002E
(3493) 0000  0000000000000000 (  23)                 .FILL x0000
(3494) 000A  0000000000001010 (  24) Result4         .FILL x000A
(3495) 0059  0000000001011001 (  24)                 .FILL x0059
(3496) 004F  0000000001001111 (  24)                 .FILL x004F
(3497) 0055  0000000001010101 (  24)                 .FILL x0055
(3498) 0020  0000000000100000 (  24)                 .FILL x0020
(3499) 0057  0000000001010111 (  24)                 .FILL x0057
(349A) 0049  0000000001001001 (  24)                 .FILL x0049
(349B) 004E  0000000001001110 (  24)                 .FILL x004E
(349C) 0020  0000000000100000 (  24)                 .FILL x0020
(349D) 0054  0000000001010100 (  24)                 .FILL x0054
(349E) 0048  0000000001001000 (  24)                 .FILL x0048
(349F) 0045  0000000001000101 (  24)                 .FILL x0045
(34A0) 0020  0000000000100000 (  24)                 .FILL x0020
(34A1) 0047  0000000001000111 (  24)                 .FILL x0047
(34A2) 0041  0000000001000001 (  24)                 .FILL x0041
(34A3) 004D  0000000001001101 (  24)                 .FILL x004D
(34A4) 0045  0000000001000101 (  24)                 .FILL x0045
(34A5) 0000  0000000000000000 (  24)                 .FILL x0000
