(0000) 3000  0011000000000000 (   1)                 .ORIG x3000
(3000) 54A0  0101010010100000 (   3)                 AND   R2 R2 #0
(3001) 2027  0010000000100111 (   4)                 LD    R0 Q1
(3002) F022  1111000000100010 (   5)                 TRAP  x22
(3003) EC01  1110110000000001 (   6)                 LEA   R6 x3005
(3004) 4837  0100100000110111 (   7)                 JSR   GETANS
(3005) 2224  0010001000100100 (   8)                 LD    R1 A1
(3006) EC01  1110110000000001 (   9)                 LEA   R6 x3008
(3007) 483D  0100100000111101 (  10)                 JSR   POINTS
(3008) 2022  0010000000100010 (  12)                 LD    R0 Q2
(3009) F022  1111000000100010 (  13)                 TRAP  x22
(300A) EC01  1110110000000001 (  14)                 LEA   R6 x300C
(300B) 4830  0100100000110000 (  15)                 JSR   GETANS
(300C) 221F  0010001000011111 (  16)                 LD    R1 A2
(300D) EC01  1110110000000001 (  17)                 LEA   R6 x300F
(300E) 4836  0100100000110110 (  18)                 JSR   POINTS
(300F) 201D  0010000000011101 (  20)                 LD    R0 Q3
(3010) F022  1111000000100010 (  21)                 TRAP  x22
(3011) EC01  1110110000000001 (  22)                 LEA   R6 x3013
(3012) 4829  0100100000101001 (  23)                 JSR   GETANS
(3013) 221A  0010001000011010 (  24)                 LD    R1 A3
(3014) EC01  1110110000000001 (  25)                 LEA   R6 x3016
(3015) 482F  0100100000101111 (  26)                 JSR   POINTS
(3016) 14BD  0001010010111101 (  28)                 ADD   R2 R2 #-3
(3017) 0C05  0000110000000101 (  29)                 BRNZ  Re1
(3018) 14BD  0001010010111101 (  30)                 ADD   R2 R2 #-3
(3019) 0C06  0000110000000110 (  31)                 BRNZ  Re2
(301A) 14BD  0001010010111101 (  32)                 ADD   R2 R2 #-3
(301B) 0C07  0000110000000111 (  33)                 BRNZ  Re3
(301C) 0E09  0000111000001001 (  34)                 BRNZP Re4
(301D) 2011  0010000000010001 (  36) Re1             LD    R0 Res1
(301E) F022  1111000000100010 (  37)                 TRAP  x22
(301F) F025  1111000000100101 (  38)                 TRAP  x25
(3020) 200F  0010000000001111 (  39) Re2             LD    R0 Res2
(3021) F022  1111000000100010 (  40)                 TRAP  x22
(3022) F025  1111000000100101 (  41)                 TRAP  x25
(3023) 200D  0010000000001101 (  42) Re3             LD    R0 Res3
(3024) F022  1111000000100010 (  43)                 TRAP  x22
(3025) F025  1111000000100101 (  44)                 TRAP  x25
(3026) 200B  0010000000001011 (  45) Re4             LD    R0 Res4
(3027) F022  1111000000100010 (  46)                 TRAP  x22
(3028) F025  1111000000100101 (  47)                 TRAP  x25
(3029) 3300  0011001100000000 (  49) Q1              .FILL x3300
(302A) 3364  0011001101100100 (  50) A1              .FILL x3364
(302B) 3368  0011001101101000 (  51) Q2              .FILL x3368
(302C) 33C9  0011001111001001 (  52) A2              .FILL x33C9
(302D) 33CD  0011001111001101 (  53) Q3              .FILL x33CD
(302E) 3436  0011010000110110 (  54) A3              .FILL x3436
(302F) 343A  0011010000111010 (  55) Res1            .FILL x343A
(3030) 3451  0011010001010001 (  56) Res2            .FILL x3451
(3031) 346F  0011010001101111 (  57) Res3            .FILL x346F
(3032) 3494  0011010010010100 (  58) Res4            .FILL x3494
(3033) 0041  0000000001000001 (  59) answer          .FILL x0041
(3034) 006E  0000000001101110 (  59)                 .FILL x006E
(3035) 0073  0000000001110011 (  59)                 .FILL x0073
(3036) 0077  0000000001110111 (  59)                 .FILL x0077
(3037) 0065  0000000001100101 (  59)                 .FILL x0065
(3038) 0072  0000000001110010 (  59)                 .FILL x0072
(3039) 003A  0000000000111010 (  59)                 .FILL x003A
(303A) 0020  0000000000100000 (  59)                 .FILL x0020
(303B) 0000  0000000000000000 (  59)                 .FILL x0000
(303C) E1F6  1110000111110110 (  61) GETANS          LEA   R0 answer
(303D) F022  1111000000100010 (  62)                 TRAP  x22
(303E) F020  1111000000100000 (  63)                 TRAP  x20
(303F) F021  1111000000100001 (  64)                 TRAP  x21
(3040) 1030  0001000000110000 (  65)                 ADD   R0 R0 #-16
(3041) 1030  0001000000110000 (  66)                 ADD   R0 R0 #-16
(3042) 1030  0001000000110000 (  67)                 ADD   R0 R0 #-16
(3043) 1FA0  0001111110100000 (  68)                 ADD   R7 R6 #0
(3044) C1C0  1100000111000000 (  69)                 RET   
(3045) 1240  0001001001000000 (  71) POINTS          ADD   R1 R1 R0
(3046) 6240  0110001001000000 (  72)                 LDR   R1 R1 #0
(3047) 1481  0001010010000001 (  73)                 ADD   R2 R2 R1
(3048) 1FA0  0001111110100000 (  74)                 ADD   R7 R6 #0
(3049) C1C0  1100000111000000 (  75)                 RET   
